0 info it worked if it ends with ok
1 verbose cli [ 'C:\\Program Files\\nodejs\\node.exe',
1 verbose cli   'C:\\Users\\Malitha\\AppData\\Roaming\\npm\\node_modules\\npm\\bin\\npm-cli.js',
1 verbose cli   'start' ]
2 info using npm@3.10.8
3 info using node@v4.6.0
4 verbose run-script [ 'prestart', 'start', 'poststart' ]
5 info lifecycle BookLogger@0.0.1~prestart: BookLogger@0.0.1
6 silly lifecycle BookLogger@0.0.1~prestart: no script for prestart, continuing
7 info lifecycle BookLogger@0.0.1~start: BookLogger@0.0.1
8 verbose lifecycle BookLogger@0.0.1~start: unsafe-perm in lifecycle true
9 verbose lifecycle BookLogger@0.0.1~start: PATH: C:\Users\Malitha\AppData\Roaming\npm\node_modules\npm\bin\node-gyp-bin;D:\angular_project\angularServices\node_modules\.bin;C:\Program Files (x86)\Python35-32\Scripts\;C:\Program Files (x86)\Python35-32\;C:\ProgramData\Oracle\Java\javapath;C:\WINDOWS\system32;C:\WINDOWS;C:\WINDOWS\System32\Wbem;C:\WINDOWS\System32\WindowsPowerShell\v1.0\;C:\Program Files (x86)\Skype\Phone\;C:\Program Files\Java\jdk1.8.0_92\bin;C:\Program Files\maven\bin;C:\Program Files (x86)\Brackets\command;C:\Program Files\nodejs\;C:\ProgramData\chocolatey\bin;C:\Program Files\MongoDB\Server\3.2\bin;C:\Program Files\Microsoft SQL Server\120\Tools\Binn\;C:\Program Files\Microsoft SQL Server\130\Tools\Binn\;C:\Program Files\Git\cmd;C:\Program Files (x86)\Windows Kits\10\Windows Performance Toolkit\;C:\Program Files\dotnet\;C:\opencv\build\x64\vc14\bin;C:\Program Files (x86)\Python35-32\Scripts\;C:\Program Files (x86)\Python35-32\;C:\ProgramData\Oracle\Java\javapath;C:\WINDOWS\system32;C:\WINDOWS;C:\WINDOWS\System32\Wbem;C:\WINDOWS\System32\WindowsPowerShell\v1.0\;C:\Program Files\Git\cmd;C:\Program Files (x86)\Skype\Phone\;C:\Program Files\Java\jdk1.8.0_92\bin;C:\Program Files\maven\bin;C:\Program Files (x86)\Brackets\command;C:\Program Files\nodejs\;C:\ProgramData\chocolatey\bin;C:\Users\Malitha\AppData\Local\atom\bin;C:\Users\Malitha\AppData\Local\Microsoft\WindowsApps;;C:\Program Files (x86)\Microsoft VS Code\bin;C:\Users\Malitha\AppData\Roaming\npm;C:\Users\Malitha\AppData\Local\Android\sdk\platform-tools
10 verbose lifecycle BookLogger@0.0.1~start: CWD: D:\angular_project\angularServices
11 silly lifecycle BookLogger@0.0.1~start: Args: [ '/d /s /c', 'node ./server.js' ]
12 silly lifecycle BookLogger@0.0.1~start: Returned: code: 3221225786  signal: null
13 info lifecycle BookLogger@0.0.1~start: Failed to exec start script
14 verbose stack Error: BookLogger@0.0.1 start: `node ./server.js`
14 verbose stack Exit status 3221225786
14 verbose stack     at EventEmitter.<anonymous> (C:\Users\Malitha\AppData\Roaming\npm\node_modules\npm\lib\utils\lifecycle.js:255:16)
14 verbose stack     at emitTwo (events.js:87:13)
14 verbose stack     at EventEmitter.emit (events.js:172:7)
14 verbose stack     at ChildProcess.<anonymous> (C:\Users\Malitha\AppData\Roaming\npm\node_modules\npm\lib\utils\spawn.js:40:14)
14 verbose stack     at emitTwo (events.js:87:13)
14 verbose stack     at ChildProcess.emit (events.js:172:7)
14 verbose stack     at maybeClose (internal/child_process.js:829:16)
14 verbose stack     at Process.ChildProcess._handle.onexit (internal/child_process.js:211:5)
15 verbose pkgid BookLogger@0.0.1
16 verbose cwd D:\angular_project\angularServices
17 error Windows_NT 10.0.14393
18 error argv "C:\\Program Files\\nodejs\\node.exe" "C:\\Users\\Malitha\\AppData\\Roaming\\npm\\node_modules\\npm\\bin\\npm-cli.js" "start"
19 error node v4.6.0
20 error npm  v3.10.8
21 error code ELIFECYCLE
22 error BookLogger@0.0.1 start: `node ./server.js`
22 error Exit status 3221225786
23 error Failed at the BookLogger@0.0.1 start script 'node ./server.js'.
23 error Make sure you have the latest version of node.js and npm installed.
23 error If you do, this is most likely a problem with the BookLogger package,
23 error not with npm itself.
23 error Tell the author that this fails on your system:
23 error     node ./server.js
23 error You can get information on how to open an issue for this project with:
23 error     npm bugs BookLogger
23 error Or if that isn't available, you can get their info via:
23 error     npm owner ls BookLogger
23 error There is likely additional logging output above.
24 verbose exit [ 1, true ]
